# BLASTP 2.2.31+
# Query: gi|6578959|gb|AAF18152.1|AF208495_1 endo-1,4-beta-glucanase precursor [Dickeya chrysanthemi]
# Database: conncatenated_genome
# Fields: query id, subject id, % identity, alignment length, mismatches, gap opens, q. start, q. end, s. start, s. end, evalue, bit score
# 30 hits found
gi|6578959|gb|AAF18152.1|AF208495_1	NCPPB_2976_02806	94.61	427	22	1	1	426	1	427	0.0	802
gi|6578959|gb|AAF18152.1|AF208495_1	NCPPB_3274_02816	91.08	426	38	0	1	426	1	426	0.0	794
gi|6578959|gb|AAF18152.1|AF208495_1	NCPPB_453_02756	89.91	426	43	0	1	426	1	426	0.0	780
gi|6578959|gb|AAF18152.1|AF208495_1	NCPPB_3534_02791	89.91	426	43	0	1	426	1	426	0.0	780
gi|6578959|gb|AAF18152.1|AF208495_1	IPO_980_02723	89.91	426	43	0	1	426	1	426	0.0	780
gi|6578959|gb|AAF18152.1|AF208495_1	GBBC2039_02661	89.91	426	43	0	1	426	1	426	0.0	780
gi|6578959|gb|AAF18152.1|AF208495_1	MK7_02886	91.78	426	35	0	1	426	1	426	0.0	777
gi|6578959|gb|AAF18152.1|AF208495_1	NCPPB_3537_02863	92.25	426	33	0	1	426	1	426	0.0	774
gi|6578959|gb|AAF18152.1|AF208495_1	NCPPB_898_02876	92.02	426	34	0	1	426	1	426	0.0	772
gi|6578959|gb|AAF18152.1|AF208495_1	MK16_02789	90.61	426	39	1	1	426	1	425	0.0	767
gi|6578959|gb|AAF18152.1|AF208495_1	MK10_02893	90.61	426	39	1	1	426	1	425	0.0	767
gi|6578959|gb|AAF18152.1|AF208495_1	IPO_2222_02838	90.61	426	39	1	1	426	1	425	0.0	767
gi|6578959|gb|AAF18152.1|AF208495_1	GBBC2040_02843	90.61	426	39	1	1	426	1	425	0.0	767
gi|6578959|gb|AAF18152.1|AF208495_1	NCPPB_3532_02636	82.86	420	70	1	9	426	9	428	0.0	710
gi|6578959|gb|AAF18152.1|AF208495_1	NCPPB_402_02814	82.86	426	73	0	1	426	1	426	0.0	708
gi|6578959|gb|AAF18152.1|AF208495_1	MK19_01617	82.38	420	72	1	9	426	9	428	0.0	705
gi|6578959|gb|AAF18152.1|AF208495_1	NCPPB_2538_02643	81.90	420	74	1	9	426	9	428	0.0	703
gi|6578959|gb|AAF18152.1|AF208495_1	NCPPB_3531_02713	80.14	428	83	1	1	426	1	428	0.0	702
gi|6578959|gb|AAF18152.1|AF208495_1	NCPPB_3533_01604	82.16	426	76	0	1	426	1	426	0.0	701
gi|6578959|gb|AAF18152.1|AF208495_1	NCPPB_516_01580	82.16	426	76	0	1	426	1	426	0.0	700
gi|6578959|gb|AAF18152.1|AF208495_1	CSL_RW192_01502	80.28	426	82	1	1	426	1	424	0.0	696
gi|6578959|gb|AAF18152.1|AF208495_1	DW_0440_02623	77.41	425	77	1	21	426	16	440	0.0	664
gi|6578959|gb|AAF18152.1|AF208495_1	CSL_RW240_02558	77.41	425	77	1	21	426	16	440	0.0	664
gi|6578959|gb|AAF18152.1|AF208495_1	NCPPB_2511_02052	68.89	450	115	1	1	425	1	450	0.0	621
gi|6578959|gb|AAF18152.1|AF208495_1	GBBC2039_01122	57.10	310	131	1	24	331	3	312	5e-124	367
gi|6578959|gb|AAF18152.1|AF208495_1	NCPPB_453_00889	57.10	310	131	1	24	331	3	312	6e-124	367
gi|6578959|gb|AAF18152.1|AF208495_1	IPO_980_00848	57.10	310	131	1	24	331	3	312	6e-124	367
gi|6578959|gb|AAF18152.1|AF208495_1	NCPPB_3534_00910	56.23	313	132	1	24	331	3	315	2e-122	363
gi|6578959|gb|AAF18152.1|AF208495_1	NCPPB_2511_02564	25.00	128	76	3	162	270	433	559	0.23	35.0
gi|6578959|gb|AAF18152.1|AF208495_1	NCPPB_3274_01404	36.73	49	28	2	159	204	220	268	2.0	32.0
# BLASTP 2.2.31+
# Query: gi|306529169|gb|ADM99099.1| endo-1,4-beta-glucanase precursor [Dickeya dadantii 3937]
# Database: conncatenated_genome
# Fields: query id, subject id, % identity, alignment length, mismatches, gap opens, q. start, q. end, s. start, s. end, evalue, bit score
# 28 hits found
gi|306529169|gb|ADM99099.1|	NCPPB_3537_02863	99.30	426	3	0	1	426	1	426	0.0	868
gi|306529169|gb|ADM99099.1|	NCPPB_898_02876	99.06	426	4	0	1	426	1	426	0.0	866
gi|306529169|gb|ADM99099.1|	NCPPB_2976_02806	96.02	427	16	1	1	426	1	427	0.0	832
gi|306529169|gb|ADM99099.1|	NCPPB_3274_02816	94.13	426	25	0	1	426	1	426	0.0	824
gi|306529169|gb|ADM99099.1|	MK7_02886	94.84	426	22	0	1	426	1	426	0.0	806
gi|306529169|gb|ADM99099.1|	NCPPB_453_02756	93.43	426	28	0	1	426	1	426	0.0	799
gi|306529169|gb|ADM99099.1|	NCPPB_3534_02791	93.43	426	28	0	1	426	1	426	0.0	799
gi|306529169|gb|ADM99099.1|	IPO_980_02723	93.43	426	28	0	1	426	1	426	0.0	799
gi|306529169|gb|ADM99099.1|	GBBC2039_02661	93.43	426	28	0	1	426	1	426	0.0	799
gi|306529169|gb|ADM99099.1|	MK16_02789	92.96	426	29	1	1	426	1	425	0.0	778
gi|306529169|gb|ADM99099.1|	MK10_02893	92.96	426	29	1	1	426	1	425	0.0	778
gi|306529169|gb|ADM99099.1|	IPO_2222_02838	92.96	426	29	1	1	426	1	425	0.0	778
gi|306529169|gb|ADM99099.1|	GBBC2040_02843	92.96	426	29	1	1	426	1	425	0.0	778
gi|306529169|gb|ADM99099.1|	NCPPB_3532_02636	82.24	428	74	1	1	426	1	428	0.0	719
gi|306529169|gb|ADM99099.1|	NCPPB_3533_01604	85.21	426	63	0	1	426	1	426	0.0	718
gi|306529169|gb|ADM99099.1|	NCPPB_402_02814	85.45	426	62	0	1	426	1	426	0.0	717
gi|306529169|gb|ADM99099.1|	NCPPB_2538_02643	81.54	428	77	1	1	426	1	428	0.0	714
gi|306529169|gb|ADM99099.1|	NCPPB_3531_02713	80.84	428	80	1	1	426	1	428	0.0	714
gi|306529169|gb|ADM99099.1|	NCPPB_516_01580	84.74	426	65	0	1	426	1	426	0.0	713
gi|306529169|gb|ADM99099.1|	MK19_01617	81.78	428	76	1	1	426	1	428	0.0	713
gi|306529169|gb|ADM99099.1|	CSL_RW192_01502	80.52	426	81	1	1	426	1	424	0.0	701
gi|306529169|gb|ADM99099.1|	DW_0440_02623	75.06	445	87	3	1	426	1	440	0.0	666
gi|306529169|gb|ADM99099.1|	CSL_RW240_02558	75.06	445	87	3	1	426	1	440	0.0	666
gi|306529169|gb|ADM99099.1|	NCPPB_2511_02052	68.67	450	116	1	1	425	1	450	0.0	613
gi|306529169|gb|ADM99099.1|	NCPPB_453_00889	57.74	310	129	1	24	331	3	312	1e-125	371
gi|306529169|gb|ADM99099.1|	IPO_980_00848	57.74	310	129	1	24	331	3	312	1e-125	371
gi|306529169|gb|ADM99099.1|	GBBC2039_01122	57.74	310	129	1	24	331	3	312	2e-125	370
gi|306529169|gb|ADM99099.1|	NCPPB_3534_00910	56.87	313	130	1	24	331	3	315	2e-123	366
# BLASTP 2.2.31+
# Query: gi|270343592|gb|ACZ76357.1| Cellulase [Dickeya dadantii Ech586]
# Database: conncatenated_genome
# Fields: query id, subject id, % identity, alignment length, mismatches, gap opens, q. start, q. end, s. start, s. end, evalue, bit score
# 34 hits found
gi|270343592|gb|ACZ76357.1|	NCPPB_3532_02636	96.73	428	12	1	1	426	1	428	0.0	850
gi|270343592|gb|ACZ76357.1|	MK19_01617	96.73	428	12	1	1	426	1	428	0.0	850
gi|270343592|gb|ACZ76357.1|	NCPPB_2538_02643	96.50	428	13	1	1	426	1	428	0.0	848
gi|270343592|gb|ACZ76357.1|	NCPPB_3531_02713	91.12	428	36	1	1	426	1	428	0.0	809
gi|270343592|gb|ACZ76357.1|	CSL_RW192_01502	89.67	426	42	1	1	426	1	424	0.0	791
gi|270343592|gb|ACZ76357.1|	NCPPB_3274_02816	83.86	415	67	0	12	426	12	426	0.0	728
gi|270343592|gb|ACZ76357.1|	MK7_02886	82.16	426	76	0	1	426	1	426	0.0	720
gi|270343592|gb|ACZ76357.1|	NCPPB_453_02756	81.22	426	80	0	1	426	1	426	0.0	715
gi|270343592|gb|ACZ76357.1|	NCPPB_3534_02791	81.22	426	80	0	1	426	1	426	0.0	715
gi|270343592|gb|ACZ76357.1|	IPO_980_02723	81.22	426	80	0	1	426	1	426	0.0	715
gi|270343592|gb|ACZ76357.1|	GBBC2039_02661	81.22	426	80	0	1	426	1	426	0.0	715
gi|270343592|gb|ACZ76357.1|	NCPPB_2976_02806	83.69	417	67	1	11	426	11	427	0.0	711
gi|270343592|gb|ACZ76357.1|	NCPPB_898_02876	81.92	426	77	0	1	426	1	426	0.0	706
gi|270343592|gb|ACZ76357.1|	MK16_02789	80.99	426	80	1	1	426	1	425	0.0	704
gi|270343592|gb|ACZ76357.1|	MK10_02893	80.99	426	80	1	1	426	1	425	0.0	704
gi|270343592|gb|ACZ76357.1|	IPO_2222_02838	80.99	426	80	1	1	426	1	425	0.0	704
gi|270343592|gb|ACZ76357.1|	GBBC2040_02843	80.99	426	80	1	1	426	1	425	0.0	704
gi|270343592|gb|ACZ76357.1|	NCPPB_3537_02863	81.69	426	78	0	1	426	1	426	0.0	703
gi|270343592|gb|ACZ76357.1|	NCPPB_402_02814	80.28	426	84	0	1	426	1	426	0.0	701
gi|270343592|gb|ACZ76357.1|	NCPPB_3533_01604	80.28	426	84	0	1	426	1	426	0.0	696
gi|270343592|gb|ACZ76357.1|	NCPPB_516_01580	79.58	426	87	0	1	426	1	426	0.0	692
gi|270343592|gb|ACZ76357.1|	DW_0440_02623	72.13	445	100	2	1	426	1	440	0.0	650
gi|270343592|gb|ACZ76357.1|	CSL_RW240_02558	72.13	445	100	2	1	426	1	440	0.0	650
gi|270343592|gb|ACZ76357.1|	NCPPB_2511_02052	66.44	450	126	1	1	425	1	450	0.0	600
gi|270343592|gb|ACZ76357.1|	NCPPB_3534_00910	56.23	313	132	2	24	331	3	315	4e-123	365
gi|270343592|gb|ACZ76357.1|	NCPPB_453_00889	56.45	310	133	1	24	331	3	312	6e-123	364
gi|270343592|gb|ACZ76357.1|	IPO_980_00848	56.45	310	133	1	24	331	3	312	6e-123	364
gi|270343592|gb|ACZ76357.1|	GBBC2039_01122	56.45	310	133	1	24	331	3	312	6e-123	364
gi|270343592|gb|ACZ76357.1|	NCPPB_2511_02564	25.00	128	76	3	162	270	433	559	0.14	35.8
gi|270343592|gb|ACZ76357.1|	NCPPB_3274_01404	36.73	49	28	2	159	204	220	268	3.3	31.2
gi|270343592|gb|ACZ76357.1|	NCPPB_2976_01222	42.50	40	23	0	276	315	616	655	6.4	30.4
gi|270343592|gb|ACZ76357.1|	MK7_01177	42.50	40	23	0	276	315	658	697	6.5	30.4
gi|270343592|gb|ACZ76357.1|	NCPPB_3274_01212	42.50	40	23	0	276	315	658	697	6.8	30.4
gi|270343592|gb|ACZ76357.1|	NCPPB_898_01210	42.50	40	23	0	276	315	658	697	7.6	30.4
# BLASTP 2.2.31+
# Query: gi|242131376|gb|ACS85678.1| Cellulase [Dickeya dadantii Ech703]
# Database: conncatenated_genome
# Fields: query id, subject id, % identity, alignment length, mismatches, gap opens, q. start, q. end, s. start, s. end, evalue, bit score
# 30 hits found
gi|242131376|gb|ACS85678.1|	NCPPB_2511_02052	100.00	451	0	0	1	451	1	451	0.0	920
gi|242131376|gb|ACS85678.1|	NCPPB_3274_02816	71.02	452	102	3	1	450	1	425	0.0	650
gi|242131376|gb|ACS85678.1|	MK7_02886	69.33	450	113	1	1	450	1	425	0.0	644
gi|242131376|gb|ACS85678.1|	NCPPB_2976_02806	70.67	450	108	2	1	450	1	426	0.0	638
gi|242131376|gb|ACS85678.1|	NCPPB_453_02756	69.78	450	111	2	1	450	1	425	0.0	638
gi|242131376|gb|ACS85678.1|	NCPPB_3534_02791	69.78	450	111	2	1	450	1	425	0.0	638
gi|242131376|gb|ACS85678.1|	IPO_980_02723	69.78	450	111	2	1	450	1	425	0.0	638
gi|242131376|gb|ACS85678.1|	GBBC2039_02661	69.78	450	111	2	1	450	1	425	0.0	638
gi|242131376|gb|ACS85678.1|	NCPPB_402_02814	69.33	450	113	2	1	450	1	425	0.0	635
gi|242131376|gb|ACS85678.1|	NCPPB_516_01580	69.78	450	111	2	1	450	1	425	0.0	635
gi|242131376|gb|ACS85678.1|	NCPPB_3533_01604	69.56	450	112	2	1	450	1	425	0.0	632
gi|242131376|gb|ACS85678.1|	NCPPB_3537_02863	68.89	450	115	1	1	450	1	425	0.0	629
gi|242131376|gb|ACS85678.1|	NCPPB_898_02876	68.67	450	116	1	1	450	1	425	0.0	627
gi|242131376|gb|ACS85678.1|	MK16_02789	69.11	450	113	1	1	450	1	424	0.0	627
gi|242131376|gb|ACS85678.1|	MK10_02893	69.11	450	113	1	1	450	1	424	0.0	627
gi|242131376|gb|ACS85678.1|	IPO_2222_02838	69.11	450	113	1	1	450	1	424	0.0	627
gi|242131376|gb|ACS85678.1|	GBBC2040_02843	69.11	450	113	1	1	450	1	424	0.0	627
gi|242131376|gb|ACS85678.1|	NCPPB_3532_02636	68.44	450	119	2	1	450	1	427	0.0	621
gi|242131376|gb|ACS85678.1|	DW_0440_02623	69.69	452	122	3	1	450	1	439	0.0	620
gi|242131376|gb|ACS85678.1|	CSL_RW240_02558	69.69	452	122	3	1	450	1	439	0.0	620
gi|242131376|gb|ACS85678.1|	NCPPB_2538_02643	68.29	451	118	3	1	450	1	427	0.0	618
gi|242131376|gb|ACS85678.1|	MK19_01617	68.22	450	120	2	1	450	1	427	0.0	617
gi|242131376|gb|ACS85678.1|	NCPPB_3531_02713	67.48	452	120	5	1	450	1	427	0.0	612
gi|242131376|gb|ACS85678.1|	CSL_RW192_01502	66.52	451	122	4	1	450	1	423	0.0	605
gi|242131376|gb|ACS85678.1|	NCPPB_3534_00910	59.80	301	119	1	33	331	15	315	1e-124	370
gi|242131376|gb|ACS85678.1|	NCPPB_453_00889	59.53	299	120	1	33	331	15	312	3e-124	369
gi|242131376|gb|ACS85678.1|	IPO_980_00848	59.53	299	120	1	33	331	15	312	3e-124	369
gi|242131376|gb|ACS85678.1|	GBBC2039_01122	59.53	299	120	1	33	331	15	312	3e-124	369
gi|242131376|gb|ACS85678.1|	NCPPB_516_02612	30.56	72	44	2	194	263	42	109	0.60	32.0
gi|242131376|gb|ACS85678.1|	NCPPB_402_01765	30.56	72	44	2	194	263	42	109	0.60	32.0
# BLASTP 2.2.31+
# Query: gi|744786611|gb|AJC66868.1| endoglucanase [Dickeya zeae EC1]
# Database: conncatenated_genome
# Fields: query id, subject id, % identity, alignment length, mismatches, gap opens, q. start, q. end, s. start, s. end, evalue, bit score
# 32 hits found
gi|744786611|gb|AJC66868.1|	NCPPB_3531_02713	98.36	428	7	0	1	428	1	428	0.0	860
gi|744786611|gb|AJC66868.1|	CSL_RW192_01502	96.26	428	12	1	1	428	1	424	0.0	841
gi|744786611|gb|AJC66868.1|	NCPPB_2538_02643	92.99	428	30	0	1	428	1	428	0.0	805
gi|744786611|gb|AJC66868.1|	MK19_01617	93.22	428	29	0	1	428	1	428	0.0	805
gi|744786611|gb|AJC66868.1|	NCPPB_3532_02636	92.76	428	31	0	1	428	1	428	0.0	804
gi|744786611|gb|AJC66868.1|	MK7_02886	81.78	428	76	1	1	428	1	426	0.0	711
gi|744786611|gb|AJC66868.1|	NCPPB_3274_02816	82.38	420	72	1	9	428	9	426	0.0	709
gi|744786611|gb|AJC66868.1|	MK16_02789	81.78	428	75	2	1	428	1	425	0.0	699
gi|744786611|gb|AJC66868.1|	MK10_02893	81.78	428	75	2	1	428	1	425	0.0	699
gi|744786611|gb|AJC66868.1|	IPO_2222_02838	81.78	428	75	2	1	428	1	425	0.0	699
gi|744786611|gb|AJC66868.1|	GBBC2040_02843	81.78	428	75	2	1	428	1	425	0.0	699
gi|744786611|gb|AJC66868.1|	NCPPB_453_02756	80.61	428	81	1	1	428	1	426	0.0	698
gi|744786611|gb|AJC66868.1|	NCPPB_3534_02791	80.61	428	81	1	1	428	1	426	0.0	698
gi|744786611|gb|AJC66868.1|	IPO_980_02723	80.61	428	81	1	1	428	1	426	0.0	698
gi|744786611|gb|AJC66868.1|	GBBC2039_02661	80.61	428	81	1	1	428	1	426	0.0	698
gi|744786611|gb|AJC66868.1|	NCPPB_2976_02806	82.14	420	74	1	9	428	9	427	0.0	694
gi|744786611|gb|AJC66868.1|	NCPPB_898_02876	79.91	428	84	1	1	428	1	426	0.0	691
gi|744786611|gb|AJC66868.1|	NCPPB_3537_02863	79.67	428	85	1	1	428	1	426	0.0	689
gi|744786611|gb|AJC66868.1|	NCPPB_3533_01604	79.44	428	86	1	1	428	1	426	0.0	685
gi|744786611|gb|AJC66868.1|	NCPPB_402_02814	78.97	428	88	1	1	428	1	426	0.0	684
gi|744786611|gb|AJC66868.1|	NCPPB_516_01580	78.50	428	90	1	1	428	1	426	0.0	679
gi|744786611|gb|AJC66868.1|	DW_0440_02623	72.58	445	100	2	1	428	1	440	0.0	642
gi|744786611|gb|AJC66868.1|	CSL_RW240_02558	72.58	445	100	2	1	428	1	440	0.0	642
gi|744786611|gb|AJC66868.1|	NCPPB_2511_02052	65.42	454	126	4	1	427	1	450	0.0	583
gi|744786611|gb|AJC66868.1|	NCPPB_453_00889	57.42	310	130	1	24	331	3	312	6e-123	364
gi|744786611|gb|AJC66868.1|	IPO_980_00848	57.42	310	130	1	24	331	3	312	6e-123	364
gi|744786611|gb|AJC66868.1|	GBBC2039_01122	57.42	310	130	1	24	331	3	312	7e-123	364
gi|744786611|gb|AJC66868.1|	NCPPB_3534_00910	57.19	313	129	2	24	331	3	315	5e-122	362
gi|744786611|gb|AJC66868.1|	MK7_01177	42.50	40	23	0	276	315	658	697	6.7	30.4
gi|744786611|gb|AJC66868.1|	NCPPB_3274_01212	42.50	40	23	0	276	315	658	697	6.9	30.4
gi|744786611|gb|AJC66868.1|	NCPPB_2976_01222	42.50	40	23	0	276	315	616	655	7.0	30.4
gi|744786611|gb|AJC66868.1|	NCPPB_898_01210	42.50	40	23	0	276	315	658	697	7.5	30.4
# BLASTP 2.2.31+
# Query: gi|247537763|gb|ACT06384.1| Cellulase [Dickeya zeae Ech1591]
# Database: conncatenated_genome
# Fields: query id, subject id, % identity, alignment length, mismatches, gap opens, q. start, q. end, s. start, s. end, evalue, bit score
# 31 hits found
gi|247537763|gb|ACT06384.1|	NCPPB_3533_01604	100.00	426	0	0	1	426	1	426	0.0	871
gi|247537763|gb|ACT06384.1|	NCPPB_516_01580	98.12	426	8	0	1	426	1	426	0.0	855
gi|247537763|gb|ACT06384.1|	NCPPB_402_02814	97.65	426	10	0	1	426	1	426	0.0	852
gi|247537763|gb|ACT06384.1|	NCPPB_3274_02816	84.98	426	64	0	1	426	1	426	0.0	748
gi|247537763|gb|ACT06384.1|	MK7_02886	85.68	426	61	0	1	426	1	426	0.0	735
gi|247537763|gb|ACT06384.1|	NCPPB_453_02756	84.74	426	65	0	1	426	1	426	0.0	729
gi|247537763|gb|ACT06384.1|	NCPPB_3534_02791	84.74	426	65	0	1	426	1	426	0.0	729
gi|247537763|gb|ACT06384.1|	IPO_980_02723	84.74	426	65	0	1	426	1	426	0.0	729
gi|247537763|gb|ACT06384.1|	GBBC2039_02661	84.74	426	65	0	1	426	1	426	0.0	729
gi|247537763|gb|ACT06384.1|	MK16_02789	84.51	426	65	1	1	426	1	425	0.0	719
gi|247537763|gb|ACT06384.1|	MK10_02893	84.51	426	65	1	1	426	1	425	0.0	719
gi|247537763|gb|ACT06384.1|	IPO_2222_02838	84.51	426	65	1	1	426	1	425	0.0	719
gi|247537763|gb|ACT06384.1|	GBBC2040_02843	84.51	426	65	1	1	426	1	425	0.0	719
gi|247537763|gb|ACT06384.1|	NCPPB_2976_02806	84.78	427	64	1	1	426	1	427	0.0	714
gi|247537763|gb|ACT06384.1|	NCPPB_3537_02863	84.98	426	64	0	1	426	1	426	0.0	708
gi|247537763|gb|ACT06384.1|	NCPPB_898_02876	84.74	426	65	0	1	426	1	426	0.0	706
gi|247537763|gb|ACT06384.1|	NCPPB_3532_02636	79.44	428	86	1	1	426	1	428	0.0	694
gi|247537763|gb|ACT06384.1|	MK19_01617	79.67	428	85	1	1	426	1	428	0.0	693
gi|247537763|gb|ACT06384.1|	NCPPB_2538_02643	79.21	428	87	1	1	426	1	428	0.0	691
gi|247537763|gb|ACT06384.1|	NCPPB_3531_02713	78.97	428	88	1	1	426	1	428	0.0	689
gi|247537763|gb|ACT06384.1|	CSL_RW192_01502	78.17	426	91	1	1	426	1	424	0.0	681
gi|247537763|gb|ACT06384.1|	DW_0440_02623	74.61	445	89	4	1	426	1	440	0.0	662
gi|247537763|gb|ACT06384.1|	CSL_RW240_02558	74.61	445	89	4	1	426	1	440	0.0	662
gi|247537763|gb|ACT06384.1|	NCPPB_2511_02052	68.89	450	115	1	1	425	1	450	0.0	620
gi|247537763|gb|ACT06384.1|	NCPPB_453_00889	59.87	304	122	0	28	331	9	312	5e-127	375
gi|247537763|gb|ACT06384.1|	IPO_980_00848	59.87	304	122	0	28	331	9	312	5e-127	375
gi|247537763|gb|ACT06384.1|	GBBC2039_01122	59.87	304	122	0	28	331	9	312	5e-127	375
gi|247537763|gb|ACT06384.1|	NCPPB_3534_00910	59.61	307	121	2	28	331	9	315	6e-124	367
gi|247537763|gb|ACT06384.1|	NCPPB_3274_01468	41.94	31	18	0	345	375	1391	1421	3.4	31.6
gi|247537763|gb|ACT06384.1|	NCPPB_3531_01645	46.88	32	13	1	338	365	110	141	6.6	30.4
gi|247537763|gb|ACT06384.1|	CSL_RW192_01679	33.96	53	28	2	327	372	447	499	8.3	30.0
# BLAST processed 6 queries
